Loading /usr/bin/python2.7, Image id = 1
Loading /lib64/ld-linux-x86-64.so.2, Image id = 2
Loading [vdso], Image id = 3
Loading /lib/x86_64-linux-gnu/libc.so.6, Image id = 4
Loading /lib/x86_64-linux-gnu/libpthread.so.0, Image id = 5
Loading /lib/x86_64-linux-gnu/libdl.so.2, Image id = 6
Loading /lib/x86_64-linux-gnu/libutil.so.1, Image id = 7
Loading /lib/x86_64-linux-gnu/libz.so.1, Image id = 8
Loading /lib/x86_64-linux-gnu/libm.so.6, Image id = 9
Loading /usr/lib/python2.7/dist-packages/PIL/_imaging.x86_64-linux-gnu.so, Image id = 10
Loading /usr/lib/x86_64-linux-gnu/libjpeg.so.8, Image id = 11
Loading /usr/lib/x86_64-linux-gnu/libtiff.so.5, Image id = 12
Loading /lib/x86_64-linux-gnu/liblzma.so.5, Image id = 13
Loading /usr/lib/x86_64-linux-gnu/libjbig.so.0, Image id = 14
Loading /usr/lib/python2.7/dist-packages/numpy/core/multiarray.x86_64-linux-gnu.so, Image id = 15
Loading /usr/lib/x86_64-linux-gnu/libblas.so.3, Image id = 16
Loading /usr/lib/x86_64-linux-gnu/libgfortran.so.4, Image id = 17
Loading /usr/lib/x86_64-linux-gnu/libquadmath.so.0, Image id = 18
Loading /lib/x86_64-linux-gnu/libgcc_s.so.1, Image id = 19
Loading /usr/lib/python2.7/dist-packages/numpy/core/umath.x86_64-linux-gnu.so, Image id = 20
Loading /usr/lib/python2.7/lib-dynload/_ctypes.x86_64-linux-gnu.so, Image id = 21
Loading /usr/lib/x86_64-linux-gnu/libffi.so.6, Image id = 22
Loading /usr/lib/python2.7/lib-dynload/bz2.x86_64-linux-gnu.so, Image id = 23
Loading /lib/x86_64-linux-gnu/libbz2.so.1.0, Image id = 24
Loading /usr/lib/python2.7/lib-dynload/_hashlib.x86_64-linux-gnu.so, Image id = 25
Loading /usr/lib/x86_64-linux-gnu/libcrypto.so.1.1, Image id = 26
Loading /usr/lib/python2.7/dist-packages/numpy/linalg/lapack_lite.x86_64-linux-gnu.so, Image id = 27
Loading /usr/lib/x86_64-linux-gnu/liblapack.so.3, Image id = 28
Loading /usr/lib/python2.7/dist-packages/numpy/linalg/_umath_linalg.x86_64-linux-gnu.so, Image id = 29
Loading /usr/lib/python2.7/lib-dynload/future_builtins.x86_64-linux-gnu.so, Image id = 30
Loading /usr/lib/python2.7/dist-packages/numpy/fft/fftpack_lite.x86_64-linux-gnu.so, Image id = 31
Loading /usr/lib/python2.7/dist-packages/numpy/random/mtrand.x86_64-linux-gnu.so, Image id = 32
Loading /usr/lib/python2.7/dist-packages/scipy/_lib/_ccallback_c.x86_64-linux-gnu.so, Image id = 33
Loading /usr/lib/python2.7/dist-packages/scipy/special/_ufuncs.x86_64-linux-gnu.so, Image id = 34
Loading /usr/lib/python2.7/dist-packages/scipy/special/_ufuncs_cxx.x86_64-linux-gnu.so, Image id = 35
Loading /usr/lib/python2.7/dist-packages/scipy/special/specfun.x86_64-linux-gnu.so, Image id = 36
Loading /usr/lib/python2.7/dist-packages/scipy/linalg/_fblas.x86_64-linux-gnu.so, Image id = 37
Loading /usr/lib/python2.7/dist-packages/scipy/linalg/_flapack.x86_64-linux-gnu.so, Image id = 38
Loading /usr/lib/python2.7/dist-packages/scipy/linalg/_flinalg.x86_64-linux-gnu.so, Image id = 39
Loading /usr/lib/python2.7/dist-packages/scipy/linalg/_solve_toeplitz.x86_64-linux-gnu.so, Image id = 40
Loading /usr/lib/python2.7/dist-packages/scipy/linalg/_decomp_update.x86_64-linux-gnu.so, Image id = 41
Loading /usr/lib/python2.7/dist-packages/scipy/linalg/cython_blas.x86_64-linux-gnu.so, Image id = 42
Loading /usr/lib/python2.7/dist-packages/scipy/linalg/cython_lapack.x86_64-linux-gnu.so, Image id = 43
Loading /usr/lib/python2.7/dist-packages/scipy/special/_comb.x86_64-linux-gnu.so, Image id = 44
Loading /usr/lib/python2.7/dist-packages/scipy/special/_ellip_harm_2.x86_64-linux-gnu.so, Image id = 45
Loading /usr/lib/python2.7/dist-packages/scipy/integrate/_odepack.x86_64-linux-gnu.so, Image id = 46
Loading /usr/lib/python2.7/dist-packages/scipy/integrate/_quadpack.x86_64-linux-gnu.so, Image id = 47
Loading /usr/lib/python2.7/dist-packages/scipy/integrate/vode.x86_64-linux-gnu.so, Image id = 48
Loading /usr/lib/python2.7/dist-packages/scipy/integrate/_dop.x86_64-linux-gnu.so, Image id = 49
Loading /usr/lib/python2.7/dist-packages/scipy/integrate/lsoda.x86_64-linux-gnu.so, Image id = 50
Loading /usr/lib/python2.7/dist-packages/scipy/sparse/_sparsetools.x86_64-linux-gnu.so, Image id = 51
Loading /usr/lib/x86_64-linux-gnu/libstdc++.so.6, Image id = 52
Loading /usr/lib/python2.7/dist-packages/scipy/sparse/_csparsetools.x86_64-linux-gnu.so, Image id = 53
Loading /usr/lib/python2.7/dist-packages/scipy/sparse/csgraph/_shortest_path.x86_64-linux-gnu.so, Image id = 54
Loading /usr/lib/python2.7/dist-packages/scipy/sparse/csgraph/_tools.x86_64-linux-gnu.so, Image id = 55
Loading /usr/lib/python2.7/dist-packages/scipy/sparse/csgraph/_traversal.x86_64-linux-gnu.so, Image id = 56
Loading /usr/lib/python2.7/dist-packages/scipy/sparse/csgraph/_min_spanning_tree.x86_64-linux-gnu.so, Image id = 57
Loading /usr/lib/python2.7/dist-packages/scipy/sparse/csgraph/_reordering.x86_64-linux-gnu.so, Image id = 58
Loading /usr/lib/python2.7/dist-packages/scipy/sparse/linalg/isolve/_iterative.x86_64-linux-gnu.so, Image id = 59
Loading /usr/lib/python2.7/dist-packages/scipy/sparse/linalg/dsolve/_superlu.x86_64-linux-gnu.so, Image id = 60
Loading /usr/lib/python2.7/dist-packages/scipy/sparse/linalg/eigen/arpack/_arpack.x86_64-linux-gnu.so, Image id = 61
Loading /usr/lib/python2.7/dist-packages/scipy/optimize/minpack2.x86_64-linux-gnu.so, Image id = 62
Loading /usr/lib/python2.7/dist-packages/scipy/optimize/_lbfgsb.x86_64-linux-gnu.so, Image id = 63
Loading /usr/lib/python2.7/dist-packages/scipy/optimize/moduleTNC.x86_64-linux-gnu.so, Image id = 64
Loading /usr/lib/python2.7/dist-packages/scipy/optimize/_cobyla.x86_64-linux-gnu.so, Image id = 65
Loading /usr/lib/python2.7/dist-packages/scipy/optimize/_slsqp.x86_64-linux-gnu.so, Image id = 66
Loading /usr/lib/python2.7/dist-packages/scipy/optimize/_minpack.x86_64-linux-gnu.so, Image id = 67
Loading /usr/lib/python2.7/dist-packages/scipy/optimize/_group_columns.x86_64-linux-gnu.so, Image id = 68
Loading /usr/lib/python2.7/dist-packages/scipy/optimize/_lsq/givens_elimination.x86_64-linux-gnu.so, Image id = 69
Loading /usr/lib/python2.7/dist-packages/scipy/optimize/_zeros.x86_64-linux-gnu.so, Image id = 70
Loading /usr/lib/python2.7/dist-packages/scipy/optimize/_nnls.x86_64-linux-gnu.so, Image id = 71
Loading /usr/local/lib/python2.7/dist-packages/cv2.so, Image id = 72
Loading /usr/local/lib/libopencv_hdf.so.3.4, Image id = 73
Loading /usr/local/lib/libopencv_reg.so.3.4, Image id = 74
Loading /usr/local/lib/libopencv_surface_matching.so.3.4, Image id = 75
Loading /usr/local/lib/libopencv_xphoto.so.3.4, Image id = 76
Loading /usr/local/lib/libopencv_freetype.so.3.4, Image id = 77
Loading /usr/local/lib/libopencv_fuzzy.so.3.4, Image id = 78
Loading /usr/local/lib/libopencv_img_hash.so.3.4, Image id = 79
Loading /usr/local/lib/libopencv_bioinspired.so.3.4, Image id = 80
Loading /usr/local/lib/libopencv_saliency.so.3.4, Image id = 81
Loading /usr/local/lib/libopencv_ccalib.so.3.4, Image id = 82
Loading /usr/local/lib/libopencv_rgbd.so.3.4, Image id = 83
Loading /usr/local/lib/libopencv_structured_light.so.3.4, Image id = 84
Loading /usr/local/lib/libopencv_aruco.so.3.4, Image id = 85
Loading /usr/local/lib/libopencv_bgsegm.so.3.4, Image id = 86
Loading /usr/local/lib/libopencv_face.so.3.4, Image id = 87
Loading /usr/local/lib/libopencv_optflow.so.3.4, Image id = 88
Loading /usr/local/lib/libopencv_stitching.so.3.4, Image id = 89
Loading /usr/local/lib/libopencv_objdetect.so.3.4, Image id = 90
Loading /usr/local/lib/libopencv_photo.so.3.4, Image id = 91
Loading /usr/local/lib/libopencv_tracking.so.3.4, Image id = 92
Loading /usr/local/lib/libopencv_plot.so.3.4, Image id = 93
Loading /usr/local/lib/libopencv_text.so.3.4, Image id = 94
Loading /usr/local/lib/libopencv_dnn.so.3.4, Image id = 95
Loading /usr/local/lib/libopencv_ximgproc.so.3.4, Image id = 96
Loading /usr/local/lib/libopencv_xfeatures2d.so.3.4, Image id = 97
Loading /usr/local/lib/libopencv_ml.so.3.4, Image id = 98
Loading /usr/local/lib/libopencv_shape.so.3.4, Image id = 99
Loading /usr/local/lib/libopencv_video.so.3.4, Image id = 100
Loading /usr/local/lib/libopencv_calib3d.so.3.4, Image id = 101
Loading /usr/local/lib/libopencv_features2d.so.3.4, Image id = 102
Loading /usr/local/lib/libopencv_flann.so.3.4, Image id = 103
Loading /usr/local/lib/libopencv_highgui.so.3.4, Image id = 104
Loading /usr/local/lib/libopencv_videoio.so.3.4, Image id = 105
Loading /usr/local/lib/libopencv_imgcodecs.so.3.4, Image id = 106
Loading /usr/local/lib/libopencv_imgproc.so.3.4, Image id = 107
Loading /usr/local/lib/libopencv_core.so.3.4, Image id = 108
Loading /usr/lib/x86_64-linux-gnu/libhdf5_serial.so.100, Image id = 109
Loading /usr/lib/x86_64-linux-gnu/libfreetype.so.6, Image id = 110
Loading /usr/lib/x86_64-linux-gnu/libharfbuzz.so.0, Image id = 111
Loading /usr/local/lib/libopencv_phase_unwrapping.so.3.4, Image id = 112
Loading /usr/lib/x86_64-linux-gnu/libgtk-3.so.0, Image id = 113
Loading /usr/lib/x86_64-linux-gnu/libgdk-3.so.0, Image id = 114
Loading /usr/lib/x86_64-linux-gnu/libcairo.so.2, Image id = 115
Loading /usr/lib/x86_64-linux-gnu/libgdk_pixbuf-2.0.so.0, Image id = 116
Loading /usr/lib/x86_64-linux-gnu/libgobject-2.0.so.0, Image id = 117
Loading /usr/lib/x86_64-linux-gnu/libglib-2.0.so.0, Image id = 118
Loading /lib/x86_64-linux-gnu/librt.so.1, Image id = 119
Loading /usr/lib/x86_64-linux-gnu/libgstreamer-1.0.so.0, Image id = 120
Loading /usr/lib/x86_64-linux-gnu/libgstapp-1.0.so.0, Image id = 121
Loading /usr/lib/x86_64-linux-gnu/libgstriff-1.0.so.0, Image id = 122
Loading /usr/lib/x86_64-linux-gnu/libgstpbutils-1.0.so.0, Image id = 123
Loading /usr/lib/x86_64-linux-gnu/libdc1394.so.22, Image id = 124
Loading /usr/lib/x86_64-linux-gnu/libavcodec.so.57, Image id = 125
Loading /usr/lib/x86_64-linux-gnu/libavformat.so.57, Image id = 126
Loading /usr/lib/x86_64-linux-gnu/libavutil.so.55, Image id = 127
Loading /usr/lib/x86_64-linux-gnu/libswscale.so.4, Image id = 128
Loading /usr/lib/x86_64-linux-gnu/libpng16.so.16, Image id = 129
Loading /usr/lib/x86_64-linux-gnu/libsz.so.2, Image id = 130
Loading /usr/lib/x86_64-linux-gnu/libgraphite2.so.3, Image id = 131
Loading /usr/lib/x86_64-linux-gnu/libgmodule-2.0.so.0, Image id = 132
Loading /usr/lib/x86_64-linux-gnu/libpangocairo-1.0.so.0, Image id = 133
Loading /usr/lib/x86_64-linux-gnu/libX11.so.6, Image id = 134
Loading /usr/lib/x86_64-linux-gnu/libXi.so.6, Image id = 135
Loading /usr/lib/x86_64-linux-gnu/libXfixes.so.3, Image id = 136
Loading /usr/lib/x86_64-linux-gnu/libcairo-gobject.so.2, Image id = 137
Loading /usr/lib/x86_64-linux-gnu/libatk-1.0.so.0, Image id = 138
Loading /usr/lib/x86_64-linux-gnu/libatk-bridge-2.0.so.0, Image id = 139
Loading /usr/lib/x86_64-linux-gnu/libepoxy.so.0, Image id = 140
Loading /usr/lib/x86_64-linux-gnu/libpangoft2-1.0.so.0, Image id = 141
Loading /usr/lib/x86_64-linux-gnu/libpango-1.0.so.0, Image id = 142
Loading /usr/lib/x86_64-linux-gnu/libfontconfig.so.1, Image id = 143
Loading /usr/lib/x86_64-linux-gnu/libgio-2.0.so.0, Image id = 144
Loading /usr/lib/x86_64-linux-gnu/libXinerama.so.1, Image id = 145
Loading /usr/lib/x86_64-linux-gnu/libXrandr.so.2, Image id = 146
Loading /usr/lib/x86_64-linux-gnu/libXcursor.so.1, Image id = 147
Loading /usr/lib/x86_64-linux-gnu/libXcomposite.so.1, Image id = 148
Loading /usr/lib/x86_64-linux-gnu/libXdamage.so.1, Image id = 149
Loading /usr/lib/x86_64-linux-gnu/libxkbcommon.so.0, Image id = 150
Loading /usr/lib/x86_64-linux-gnu/libwayland-cursor.so.0, Image id = 151
Loading /usr/lib/x86_64-linux-gnu/libwayland-egl.so.1, Image id = 152
Loading /usr/lib/x86_64-linux-gnu/libwayland-client.so.0, Image id = 153
Loading /usr/lib/x86_64-linux-gnu/libXext.so.6, Image id = 154
Loading /usr/lib/x86_64-linux-gnu/libpixman-1.so.0, Image id = 155
Loading /usr/lib/x86_64-linux-gnu/libxcb-shm.so.0, Image id = 156
Loading /usr/lib/x86_64-linux-gnu/libxcb.so.1, Image id = 157
Loading /usr/lib/x86_64-linux-gnu/libxcb-render.so.0, Image id = 158
Loading /usr/lib/x86_64-linux-gnu/libXrender.so.1, Image id = 159
Loading /lib/x86_64-linux-gnu/libpcre.so.3, Image id = 160
Loading /usr/lib/x86_64-linux-gnu/libgstbase-1.0.so.0, Image id = 161
Loading /usr/lib/x86_64-linux-gnu/libgstaudio-1.0.so.0, Image id = 162
Loading /usr/lib/x86_64-linux-gnu/libgsttag-1.0.so.0, Image id = 163
Loading /usr/lib/x86_64-linux-gnu/libgstvideo-1.0.so.0, Image id = 164
Loading /usr/lib/x86_64-linux-gnu/libraw1394.so.11, Image id = 165
Loading /lib/x86_64-linux-gnu/libusb-1.0.so.0, Image id = 166
Loading /usr/lib/x86_64-linux-gnu/libswresample.so.2, Image id = 167
Loading /usr/lib/x86_64-linux-gnu/libwebp.so.6, Image id = 168
Loading /usr/lib/x86_64-linux-gnu/libcrystalhd.so.3, Image id = 169
Loading /usr/lib/x86_64-linux-gnu/libva.so.2, Image id = 170
Loading /usr/lib/x86_64-linux-gnu/libzvbi.so.0, Image id = 171
Loading /usr/lib/x86_64-linux-gnu/libxvidcore.so.4, Image id = 172
Loading /usr/lib/x86_64-linux-gnu/libx265.so.146, Image id = 173
Loading /usr/lib/x86_64-linux-gnu/libx264.so.152, Image id = 174
Loading /usr/lib/x86_64-linux-gnu/libwebpmux.so.3, Image id = 175
Loading /usr/lib/x86_64-linux-gnu/libwavpack.so.1, Image id = 176
Loading /usr/lib/x86_64-linux-gnu/libvpx.so.5, Image id = 177
Loading /usr/lib/x86_64-linux-gnu/libvorbisenc.so.2, Image id = 178
Loading /usr/lib/x86_64-linux-gnu/libvorbis.so.0, Image id = 179
Loading /usr/lib/x86_64-linux-gnu/libtwolame.so.0, Image id = 180
Loading /usr/lib/x86_64-linux-gnu/libtheoraenc.so.1, Image id = 181
Loading /usr/lib/x86_64-linux-gnu/libtheoradec.so.1, Image id = 182
Loading /usr/lib/x86_64-linux-gnu/libspeex.so.1, Image id = 183
Loading /usr/lib/x86_64-linux-gnu/libsnappy.so.1, Image id = 184
Loading /usr/lib/x86_64-linux-gnu/libshine.so.3, Image id = 185
Loading /usr/lib/x86_64-linux-gnu/librsvg-2.so.2, Image id = 186
Loading /usr/lib/x86_64-linux-gnu/libopus.so.0, Image id = 187
Loading /usr/lib/x86_64-linux-gnu/libopenjp2.so.7, Image id = 188
Loading /usr/lib/x86_64-linux-gnu/libmp3lame.so.0, Image id = 189
Loading /usr/lib/x86_64-linux-gnu/libgsm.so.1, Image id = 190
Loading /usr/lib/x86_64-linux-gnu/libssh-gcrypt.so.4, Image id = 191
Loading /usr/lib/x86_64-linux-gnu/libopenmpt.so.0, Image id = 192
Loading /usr/lib/x86_64-linux-gnu/libbluray.so.2, Image id = 193
Loading /usr/lib/x86_64-linux-gnu/libgnutls.so.30, Image id = 194
Loading /usr/lib/x86_64-linux-gnu/libxml2.so.2, Image id = 195
Loading /usr/lib/x86_64-linux-gnu/libgme.so.0, Image id = 196
Loading /usr/lib/x86_64-linux-gnu/libchromaprint.so.1, Image id = 197
Loading /usr/lib/x86_64-linux-gnu/libdrm.so.2, Image id = 198
Loading /usr/lib/x86_64-linux-gnu/libvdpau.so.1, Image id = 199
Loading /usr/lib/x86_64-linux-gnu/libva-x11.so.2, Image id = 200
Loading /usr/lib/x86_64-linux-gnu/libva-drm.so.2, Image id = 201
Loading /usr/lib/x86_64-linux-gnu/libaec.so.0, Image id = 202
Loading /lib/x86_64-linux-gnu/libdbus-1.so.3, Image id = 203
Loading /usr/lib/x86_64-linux-gnu/libatspi.so.0, Image id = 204
Loading /usr/lib/x86_64-linux-gnu/libthai.so.0, Image id = 205
Loading /lib/x86_64-linux-gnu/libexpat.so.1, Image id = 206
Loading /lib/x86_64-linux-gnu/libselinux.so.1, Image id = 207
Loading /lib/x86_64-linux-gnu/libresolv.so.2, Image id = 208
Loading /lib/x86_64-linux-gnu/libmount.so.1, Image id = 209
Loading /usr/lib/x86_64-linux-gnu/libXau.so.6, Image id = 210
Loading /usr/lib/x86_64-linux-gnu/libXdmcp.so.6, Image id = 211
Loading /usr/lib/x86_64-linux-gnu/liborc-0.4.so.0, Image id = 212
Loading /lib/x86_64-linux-gnu/libudev.so.1, Image id = 213
Loading /usr/lib/x86_64-linux-gnu/libsoxr.so.0, Image id = 214
Loading /usr/lib/x86_64-linux-gnu/libnuma.so.1, Image id = 215
Loading /usr/lib/x86_64-linux-gnu/libogg.so.0, Image id = 216
Loading /usr/lib/x86_64-linux-gnu/libcroco-0.6.so.3, Image id = 217
Loading /lib/x86_64-linux-gnu/libgcrypt.so.20, Image id = 218
Loading /usr/lib/x86_64-linux-gnu/libgssapi_krb5.so.2, Image id = 219
Loading /usr/lib/x86_64-linux-gnu/libmpg123.so.0, Image id = 220
Loading /usr/lib/x86_64-linux-gnu/libvorbisfile.so.3, Image id = 221
Loading /usr/lib/x86_64-linux-gnu/libp11-kit.so.0, Image id = 222
Loading /usr/lib/x86_64-linux-gnu/libidn2.so.0, Image id = 223
Loading /usr/lib/x86_64-linux-gnu/libunistring.so.2, Image id = 224
Loading /usr/lib/x86_64-linux-gnu/libtasn1.so.6, Image id = 225
Loading /usr/lib/x86_64-linux-gnu/libnettle.so.6, Image id = 226
Loading /usr/lib/x86_64-linux-gnu/libhogweed.so.4, Image id = 227
Loading /usr/lib/x86_64-linux-gnu/libgmp.so.10, Image id = 228
Loading /usr/lib/x86_64-linux-gnu/libicuuc.so.60, Image id = 229
Loading /lib/x86_64-linux-gnu/libsystemd.so.0, Image id = 230
Loading /usr/lib/x86_64-linux-gnu/libdatrie.so.1, Image id = 231
Loading /lib/x86_64-linux-gnu/libblkid.so.1, Image id = 232
Loading /lib/x86_64-linux-gnu/libbsd.so.0, Image id = 233
Loading /usr/lib/x86_64-linux-gnu/libgomp.so.1, Image id = 234
Loading /lib/x86_64-linux-gnu/libgpg-error.so.0, Image id = 235
Loading /usr/lib/x86_64-linux-gnu/libkrb5.so.3, Image id = 236
Loading /usr/lib/x86_64-linux-gnu/libk5crypto.so.3, Image id = 237
Loading /lib/x86_64-linux-gnu/libcom_err.so.2, Image id = 238
Loading /usr/lib/x86_64-linux-gnu/libkrb5support.so.0, Image id = 239
Loading /usr/lib/x86_64-linux-gnu/libicudata.so.60, Image id = 240
Loading /usr/lib/x86_64-linux-gnu/liblz4.so.1, Image id = 241
Loading /lib/x86_64-linux-gnu/libuuid.so.1, Image id = 242
Loading /lib/x86_64-linux-gnu/libkeyutils.so.1, Image id = 243
Loading /home/haiyue/research/ultra_fast_lane_detection/caffe/python/caffe/_caffe.so, Image id = 244
Loading /home/haiyue/research/ultra_fast_lane_detection/caffe/python/caffe/../../build/lib/libcaffe.so.1.0.0, Image id = 245
Loading /usr/lib/x86_64-linux-gnu/libglog.so.0, Image id = 246
Loading /usr/local/lib/libprotobuf.so.10, Image id = 247
Loading /usr/lib/x86_64-linux-gnu/libboost_system.so.1.65.1, Image id = 248
Loading /usr/lib/x86_64-linux-gnu/libboost_python-py27.so.1.65.1, Image id = 249
Loading /usr/lib/x86_64-linux-gnu/libpython2.7.so.1.0, Image id = 250
Loading /usr/lib/x86_64-linux-gnu/libgflags.so.2.2, Image id = 251
Loading /usr/lib/x86_64-linux-gnu/libboost_filesystem.so.1.65.1, Image id = 252
Loading /usr/lib/x86_64-linux-gnu/libleveldb.so.1, Image id = 253
Loading /usr/lib/x86_64-linux-gnu/liblmdb.so.0, Image id = 254
Loading /usr/lib/x86_64-linux-gnu/libhdf5_serial_hl.so.100, Image id = 255
Loading /usr/lib/x86_64-linux-gnu/libboost_thread.so.1.65.1, Image id = 256
Loading /usr/lib/x86_64-linux-gnu/libcblas.so.3, Image id = 257
Loading /usr/lib/x86_64-linux-gnu/libunwind.so.8, Image id = 258
Loading /usr/lib/x86_64-linux-gnu/libatlas.so.3, Image id = 259
Loading /home/haiyue/.local/lib/python2.7/site-packages/skimage/_shared/geometry.so, Image id = 260
Loading /usr/lib/python2.7/lib-dynload/_multiprocessing.x86_64-linux-gnu.so, Image id = 261
Loading /usr/lib/python2.7/lib-dynload/_json.x86_64-linux-gnu.so, Image id = 262
Loading /usr/lib/python2.7/lib-dynload/_elementtree.x86_64-linux-gnu.so, Image id = 263
Loading /usr/lib/python2.7/lib-dynload/pyexpat.x86_64-linux-gnu.so, Image id = 264
Loading /home/haiyue/.local/lib/python2.7/site-packages/skimage/external/tifffile/_tifffile.so, Image id = 265
Loading /usr/lib/python2.7/lib-dynload/_ssl.x86_64-linux-gnu.so, Image id = 266
Loading /usr/lib/x86_64-linux-gnu/libssl.so.1.1, Image id = 267
Loading /home/haiyue/.local/lib/python2.7/site-packages/_posixsubprocess32.so, Image id = 268
Loading /home/haiyue/.local/lib/python2.7/site-packages/matplotlib/_path.so, Image id = 269
Loading /home/haiyue/.local/lib/python2.7/site-packages/matplotlib/ft2font.so, Image id = 270
Loading /home/haiyue/.local/lib/python2.7/site-packages/kiwisolver.so, Image id = 271
Loading /home/haiyue/.local/lib/python2.7/site-packages/matplotlib/_contour.so, Image id = 272
Loading /home/haiyue/.local/lib/python2.7/site-packages/matplotlib/_png.so, Image id = 273
Loading /home/haiyue/.local/lib/python2.7/site-packages/matplotlib/.libs/libpng16-cfdb1654.so.16.21.0, Image id = 274
Loading /home/haiyue/.local/lib/python2.7/site-packages/matplotlib/.libs/libz-a147dcb0.so.1.2.3, Image id = 275
Loading /home/haiyue/.local/lib/python2.7/site-packages/matplotlib/_image.so, Image id = 276
Loading /usr/lib/python2.7/lib-dynload/_csv.x86_64-linux-gnu.so, Image id = 277
Loading /home/haiyue/.local/lib/python2.7/site-packages/matplotlib/_tri.so, Image id = 278
Loading /home/haiyue/.local/lib/python2.7/site-packages/matplotlib/_qhull.so, Image id = 279
Loading /usr/lib/python2.7/dist-packages/scipy/fftpack/_fftpack.x86_64-linux-gnu.so, Image id = 280
Loading /usr/lib/python2.7/dist-packages/scipy/fftpack/convolve.x86_64-linux-gnu.so, Image id = 281
Loading /usr/lib/python2.7/dist-packages/scipy/ndimage/_nd_image.x86_64-linux-gnu.so, Image id = 282
Loading /usr/lib/python2.7/dist-packages/scipy/interpolate/_fitpack.x86_64-linux-gnu.so, Image id = 283
Loading /usr/lib/python2.7/dist-packages/scipy/interpolate/dfitpack.x86_64-linux-gnu.so, Image id = 284
Loading /usr/lib/python2.7/dist-packages/scipy/interpolate/_bspl.x86_64-linux-gnu.so, Image id = 285
Loading /usr/lib/python2.7/dist-packages/scipy/interpolate/_ppoly.x86_64-linux-gnu.so, Image id = 286
Loading /usr/lib/python2.7/dist-packages/scipy/interpolate/interpnd.x86_64-linux-gnu.so, Image id = 287
Loading /usr/lib/python2.7/dist-packages/scipy/spatial/ckdtree.x86_64-linux-gnu.so, Image id = 288
Loading /usr/lib/python2.7/dist-packages/scipy/spatial/qhull.x86_64-linux-gnu.so, Image id = 289
Loading /usr/lib/python2.7/dist-packages/scipy/spatial/_voronoi.x86_64-linux-gnu.so, Image id = 290
Loading /usr/lib/python2.7/dist-packages/scipy/spatial/_distance_wrap.x86_64-linux-gnu.so, Image id = 291
Loading /usr/lib/python2.7/dist-packages/scipy/spatial/_hausdorff.x86_64-linux-gnu.so, Image id = 292
Loading /usr/lib/python2.7/dist-packages/scipy/ndimage/_ni_label.x86_64-linux-gnu.so, Image id = 293
Loading /usr/lib/python2.7/dist-packages/scipy/signal/sigtools.x86_64-linux-gnu.so, Image id = 294
Loading /usr/lib/python2.7/dist-packages/scipy/signal/_max_len_seq_inner.x86_64-linux-gnu.so, Image id = 295
Loading /usr/lib/python2.7/dist-packages/scipy/signal/_upfirdn_apply.x86_64-linux-gnu.so, Image id = 296
Loading /usr/lib/python2.7/dist-packages/scipy/signal/spline.x86_64-linux-gnu.so, Image id = 297
Loading /usr/lib/python2.7/dist-packages/scipy/signal/_spectral.x86_64-linux-gnu.so, Image id = 298
Loading /usr/lib/python2.7/dist-packages/scipy/stats/_stats.x86_64-linux-gnu.so, Image id = 299
Loading /usr/lib/python2.7/dist-packages/scipy/stats/statlib.x86_64-linux-gnu.so, Image id = 300
Loading /usr/lib/python2.7/dist-packages/scipy/stats/mvn.x86_64-linux-gnu.so, Image id = 301
Loading /home/haiyue/.local/lib/python2.7/site-packages/skimage/restoration/_unwrap_1d.so, Image id = 302
Loading /home/haiyue/.local/lib/python2.7/site-packages/skimage/restoration/_unwrap_2d.so, Image id = 303
Loading /home/haiyue/.local/lib/python2.7/site-packages/skimage/restoration/_unwrap_3d.so, Image id = 304
Loading /home/haiyue/.local/lib/python2.7/site-packages/skimage/restoration/_denoise_cy.so, Image id = 305
Loading /home/haiyue/.local/lib/python2.7/site-packages/pywt/_extensions/_pywt.so, Image id = 306
Loading /home/haiyue/.local/lib/python2.7/site-packages/pywt/_extensions/_dwt.so, Image id = 307
Loading /home/haiyue/.local/lib/python2.7/site-packages/pywt/_extensions/_cwt.so, Image id = 308
Loading /home/haiyue/.local/lib/python2.7/site-packages/pywt/_extensions/_swt.so, Image id = 309
Loading /home/haiyue/.local/lib/python2.7/site-packages/skimage/restoration/_nl_means_denoising.so, Image id = 310
Loading /home/haiyue/.local/lib/python2.7/site-packages/skimage/measure/_find_contours_cy.so, Image id = 311
Loading /home/haiyue/.local/lib/python2.7/site-packages/skimage/measure/_marching_cubes_lewiner_cy.so, Image id = 312
Loading /home/haiyue/.local/lib/python2.7/site-packages/skimage/measure/_marching_cubes_classic_cy.so, Image id = 313
Loading /home/haiyue/.local/lib/python2.7/site-packages/skimage/measure/_ccomp.so, Image id = 314
Loading /home/haiyue/.local/lib/python2.7/site-packages/skimage/measure/_moments_cy.so, Image id = 315
Loading /home/haiyue/.local/lib/python2.7/site-packages/skimage/measure/_pnpoly.so, Image id = 316
Loading /home/haiyue/.local/lib/python2.7/site-packages/skimage/transform/_hough_transform.so, Image id = 317
Loading /home/haiyue/.local/lib/python2.7/site-packages/skimage/draw/_draw.so, Image id = 318
Loading /home/haiyue/.local/lib/python2.7/site-packages/skimage/transform/_warps_cy.so, Image id = 319
Loading /home/haiyue/.local/lib/python2.7/site-packages/skimage/transform/_radon_transform.so, Image id = 320
Loading /home/haiyue/.local/lib/python2.7/site-packages/skimage/transform/_seam_carving.so, Image id = 321
Loading /home/haiyue/.local/lib/python2.7/site-packages/skimage/filters/rank/generic_cy.so, Image id = 322
Loading /home/haiyue/.local/lib/python2.7/site-packages/skimage/filters/rank/core_cy.so, Image id = 323
Loading /home/haiyue/.local/lib/python2.7/site-packages/skimage/filters/rank/percentile_cy.so, Image id = 324
Loading /home/haiyue/.local/lib/python2.7/site-packages/skimage/filters/rank/bilateral_cy.so, Image id = 325
Unloading /usr/bin/python2.7
Unloading /lib64/ld-linux-x86-64.so.2
Unloading [vdso]
Unloading /lib/x86_64-linux-gnu/libc.so.6
Unloading /lib/x86_64-linux-gnu/libpthread.so.0
Unloading /lib/x86_64-linux-gnu/libdl.so.2
Unloading /lib/x86_64-linux-gnu/libutil.so.1
Unloading /lib/x86_64-linux-gnu/libz.so.1
Unloading /lib/x86_64-linux-gnu/libm.so.6
Unloading /usr/lib/python2.7/dist-packages/PIL/_imaging.x86_64-linux-gnu.so
Unloading /usr/lib/x86_64-linux-gnu/libjpeg.so.8
Unloading /usr/lib/x86_64-linux-gnu/libtiff.so.5
Unloading /lib/x86_64-linux-gnu/liblzma.so.5
Unloading /usr/lib/x86_64-linux-gnu/libjbig.so.0
Unloading /usr/lib/python2.7/dist-packages/numpy/core/multiarray.x86_64-linux-gnu.so
Unloading /usr/lib/x86_64-linux-gnu/libblas.so.3
Unloading /usr/lib/x86_64-linux-gnu/libgfortran.so.4
Unloading /usr/lib/x86_64-linux-gnu/libquadmath.so.0
Unloading /lib/x86_64-linux-gnu/libgcc_s.so.1
Unloading /usr/lib/python2.7/dist-packages/numpy/core/umath.x86_64-linux-gnu.so
Unloading /usr/lib/python2.7/lib-dynload/_ctypes.x86_64-linux-gnu.so
Unloading /usr/lib/x86_64-linux-gnu/libffi.so.6
Unloading /usr/lib/python2.7/lib-dynload/bz2.x86_64-linux-gnu.so
Unloading /lib/x86_64-linux-gnu/libbz2.so.1.0
Unloading /usr/lib/python2.7/lib-dynload/_hashlib.x86_64-linux-gnu.so
Unloading /usr/lib/x86_64-linux-gnu/libcrypto.so.1.1
Unloading /usr/lib/python2.7/dist-packages/numpy/linalg/lapack_lite.x86_64-linux-gnu.so
Unloading /usr/lib/x86_64-linux-gnu/liblapack.so.3
Unloading /usr/lib/python2.7/dist-packages/numpy/linalg/_umath_linalg.x86_64-linux-gnu.so
Unloading /usr/lib/python2.7/lib-dynload/future_builtins.x86_64-linux-gnu.so
Unloading /usr/lib/python2.7/dist-packages/numpy/fft/fftpack_lite.x86_64-linux-gnu.so
Unloading /usr/lib/python2.7/dist-packages/numpy/random/mtrand.x86_64-linux-gnu.so
Unloading /usr/lib/python2.7/dist-packages/scipy/_lib/_ccallback_c.x86_64-linux-gnu.so
Unloading /usr/lib/python2.7/dist-packages/scipy/special/_ufuncs.x86_64-linux-gnu.so
Unloading /usr/lib/python2.7/dist-packages/scipy/special/_ufuncs_cxx.x86_64-linux-gnu.so
Unloading /usr/lib/python2.7/dist-packages/scipy/special/specfun.x86_64-linux-gnu.so
Unloading /usr/lib/python2.7/dist-packages/scipy/linalg/_fblas.x86_64-linux-gnu.so
Unloading /usr/lib/python2.7/dist-packages/scipy/linalg/_flapack.x86_64-linux-gnu.so
Unloading /usr/lib/python2.7/dist-packages/scipy/linalg/_flinalg.x86_64-linux-gnu.so
Unloading /usr/lib/python2.7/dist-packages/scipy/linalg/_solve_toeplitz.x86_64-linux-gnu.so
Unloading /usr/lib/python2.7/dist-packages/scipy/linalg/_decomp_update.x86_64-linux-gnu.so
Unloading /usr/lib/python2.7/dist-packages/scipy/linalg/cython_blas.x86_64-linux-gnu.so
Unloading /usr/lib/python2.7/dist-packages/scipy/linalg/cython_lapack.x86_64-linux-gnu.so
Unloading /usr/lib/python2.7/dist-packages/scipy/special/_comb.x86_64-linux-gnu.so
Unloading /usr/lib/python2.7/dist-packages/scipy/special/_ellip_harm_2.x86_64-linux-gnu.so
Unloading /usr/lib/python2.7/dist-packages/scipy/integrate/_odepack.x86_64-linux-gnu.so
Unloading /usr/lib/python2.7/dist-packages/scipy/integrate/_quadpack.x86_64-linux-gnu.so
Unloading /usr/lib/python2.7/dist-packages/scipy/integrate/vode.x86_64-linux-gnu.so
Unloading /usr/lib/python2.7/dist-packages/scipy/integrate/_dop.x86_64-linux-gnu.so
Unloading /usr/lib/python2.7/dist-packages/scipy/integrate/lsoda.x86_64-linux-gnu.so
Unloading /usr/lib/python2.7/dist-packages/scipy/sparse/_sparsetools.x86_64-linux-gnu.so
Unloading /usr/lib/x86_64-linux-gnu/libstdc++.so.6
Unloading /usr/lib/python2.7/dist-packages/scipy/sparse/_csparsetools.x86_64-linux-gnu.so
Unloading /usr/lib/python2.7/dist-packages/scipy/sparse/csgraph/_shortest_path.x86_64-linux-gnu.so
Unloading /usr/lib/python2.7/dist-packages/scipy/sparse/csgraph/_tools.x86_64-linux-gnu.so
Unloading /usr/lib/python2.7/dist-packages/scipy/sparse/csgraph/_traversal.x86_64-linux-gnu.so
Unloading /usr/lib/python2.7/dist-packages/scipy/sparse/csgraph/_min_spanning_tree.x86_64-linux-gnu.so
Unloading /usr/lib/python2.7/dist-packages/scipy/sparse/csgraph/_reordering.x86_64-linux-gnu.so
Unloading /usr/lib/python2.7/dist-packages/scipy/sparse/linalg/isolve/_iterative.x86_64-linux-gnu.so
Unloading /usr/lib/python2.7/dist-packages/scipy/sparse/linalg/dsolve/_superlu.x86_64-linux-gnu.so
Unloading /usr/lib/python2.7/dist-packages/scipy/sparse/linalg/eigen/arpack/_arpack.x86_64-linux-gnu.so
Unloading /usr/lib/python2.7/dist-packages/scipy/optimize/minpack2.x86_64-linux-gnu.so
Unloading /usr/lib/python2.7/dist-packages/scipy/optimize/_lbfgsb.x86_64-linux-gnu.so
Unloading /usr/lib/python2.7/dist-packages/scipy/optimize/moduleTNC.x86_64-linux-gnu.so
Unloading /usr/lib/python2.7/dist-packages/scipy/optimize/_cobyla.x86_64-linux-gnu.so
Unloading /usr/lib/python2.7/dist-packages/scipy/optimize/_slsqp.x86_64-linux-gnu.so
Unloading /usr/lib/python2.7/dist-packages/scipy/optimize/_minpack.x86_64-linux-gnu.so
Unloading /usr/lib/python2.7/dist-packages/scipy/optimize/_group_columns.x86_64-linux-gnu.so
Unloading /usr/lib/python2.7/dist-packages/scipy/optimize/_lsq/givens_elimination.x86_64-linux-gnu.so
Unloading /usr/lib/python2.7/dist-packages/scipy/optimize/_zeros.x86_64-linux-gnu.so
Unloading /usr/lib/python2.7/dist-packages/scipy/optimize/_nnls.x86_64-linux-gnu.so
Unloading /usr/local/lib/python2.7/dist-packages/cv2.so
Unloading /usr/local/lib/libopencv_hdf.so.3.4
Unloading /usr/local/lib/libopencv_reg.so.3.4
Unloading /usr/local/lib/libopencv_surface_matching.so.3.4
Unloading /usr/local/lib/libopencv_xphoto.so.3.4
Unloading /usr/local/lib/libopencv_freetype.so.3.4
Unloading /usr/local/lib/libopencv_fuzzy.so.3.4
Unloading /usr/local/lib/libopencv_img_hash.so.3.4
Unloading /usr/local/lib/libopencv_bioinspired.so.3.4
Unloading /usr/local/lib/libopencv_saliency.so.3.4
Unloading /usr/local/lib/libopencv_ccalib.so.3.4
Unloading /usr/local/lib/libopencv_rgbd.so.3.4
Unloading /usr/local/lib/libopencv_structured_light.so.3.4
Unloading /usr/local/lib/libopencv_aruco.so.3.4
Unloading /usr/local/lib/libopencv_bgsegm.so.3.4
Unloading /usr/local/lib/libopencv_face.so.3.4
Unloading /usr/local/lib/libopencv_optflow.so.3.4
Unloading /usr/local/lib/libopencv_stitching.so.3.4
Unloading /usr/local/lib/libopencv_objdetect.so.3.4
Unloading /usr/local/lib/libopencv_photo.so.3.4
Unloading /usr/local/lib/libopencv_tracking.so.3.4
Unloading /usr/local/lib/libopencv_plot.so.3.4
Unloading /usr/local/lib/libopencv_text.so.3.4
Unloading /usr/local/lib/libopencv_dnn.so.3.4
Unloading /usr/local/lib/libopencv_ximgproc.so.3.4
Unloading /usr/local/lib/libopencv_xfeatures2d.so.3.4
Unloading /usr/local/lib/libopencv_ml.so.3.4
Unloading /usr/local/lib/libopencv_shape.so.3.4
Unloading /usr/local/lib/libopencv_video.so.3.4
Unloading /usr/local/lib/libopencv_calib3d.so.3.4
Unloading /usr/local/lib/libopencv_features2d.so.3.4
Unloading /usr/local/lib/libopencv_flann.so.3.4
Unloading /usr/local/lib/libopencv_highgui.so.3.4
Unloading /usr/local/lib/libopencv_videoio.so.3.4
Unloading /usr/local/lib/libopencv_imgcodecs.so.3.4
Unloading /usr/local/lib/libopencv_imgproc.so.3.4
Unloading /usr/local/lib/libopencv_core.so.3.4
Unloading /usr/lib/x86_64-linux-gnu/libhdf5_serial.so.100
Unloading /usr/lib/x86_64-linux-gnu/libfreetype.so.6
Unloading /usr/lib/x86_64-linux-gnu/libharfbuzz.so.0
Unloading /usr/local/lib/libopencv_phase_unwrapping.so.3.4
Unloading /usr/lib/x86_64-linux-gnu/libgtk-3.so.0
Unloading /usr/lib/x86_64-linux-gnu/libgdk-3.so.0
Unloading /usr/lib/x86_64-linux-gnu/libcairo.so.2
Unloading /usr/lib/x86_64-linux-gnu/libgdk_pixbuf-2.0.so.0
Unloading /usr/lib/x86_64-linux-gnu/libgobject-2.0.so.0
Unloading /usr/lib/x86_64-linux-gnu/libglib-2.0.so.0
Unloading /lib/x86_64-linux-gnu/librt.so.1
Unloading /usr/lib/x86_64-linux-gnu/libgstreamer-1.0.so.0
Unloading /usr/lib/x86_64-linux-gnu/libgstapp-1.0.so.0
Unloading /usr/lib/x86_64-linux-gnu/libgstriff-1.0.so.0
Unloading /usr/lib/x86_64-linux-gnu/libgstpbutils-1.0.so.0
Unloading /usr/lib/x86_64-linux-gnu/libdc1394.so.22
Unloading /usr/lib/x86_64-linux-gnu/libavcodec.so.57
Unloading /usr/lib/x86_64-linux-gnu/libavformat.so.57
Unloading /usr/lib/x86_64-linux-gnu/libavutil.so.55
Unloading /usr/lib/x86_64-linux-gnu/libswscale.so.4
Unloading /usr/lib/x86_64-linux-gnu/libpng16.so.16
Unloading /usr/lib/x86_64-linux-gnu/libsz.so.2
Unloading /usr/lib/x86_64-linux-gnu/libgraphite2.so.3
Unloading /usr/lib/x86_64-linux-gnu/libgmodule-2.0.so.0
Unloading /usr/lib/x86_64-linux-gnu/libpangocairo-1.0.so.0
Unloading /usr/lib/x86_64-linux-gnu/libX11.so.6
Unloading /usr/lib/x86_64-linux-gnu/libXi.so.6
Unloading /usr/lib/x86_64-linux-gnu/libXfixes.so.3
Unloading /usr/lib/x86_64-linux-gnu/libcairo-gobject.so.2
Unloading /usr/lib/x86_64-linux-gnu/libatk-1.0.so.0
Unloading /usr/lib/x86_64-linux-gnu/libatk-bridge-2.0.so.0
Unloading /usr/lib/x86_64-linux-gnu/libepoxy.so.0
Unloading /usr/lib/x86_64-linux-gnu/libpangoft2-1.0.so.0
Unloading /usr/lib/x86_64-linux-gnu/libpango-1.0.so.0
Unloading /usr/lib/x86_64-linux-gnu/libfontconfig.so.1
Unloading /usr/lib/x86_64-linux-gnu/libgio-2.0.so.0
Unloading /usr/lib/x86_64-linux-gnu/libXinerama.so.1
Unloading /usr/lib/x86_64-linux-gnu/libXrandr.so.2
Unloading /usr/lib/x86_64-linux-gnu/libXcursor.so.1
Unloading /usr/lib/x86_64-linux-gnu/libXcomposite.so.1
Unloading /usr/lib/x86_64-linux-gnu/libXdamage.so.1
Unloading /usr/lib/x86_64-linux-gnu/libxkbcommon.so.0
Unloading /usr/lib/x86_64-linux-gnu/libwayland-cursor.so.0
Unloading /usr/lib/x86_64-linux-gnu/libwayland-egl.so.1
Unloading /usr/lib/x86_64-linux-gnu/libwayland-client.so.0
Unloading /usr/lib/x86_64-linux-gnu/libXext.so.6
Unloading /usr/lib/x86_64-linux-gnu/libpixman-1.so.0
Unloading /usr/lib/x86_64-linux-gnu/libxcb-shm.so.0
Unloading /usr/lib/x86_64-linux-gnu/libxcb.so.1
Unloading /usr/lib/x86_64-linux-gnu/libxcb-render.so.0
Unloading /usr/lib/x86_64-linux-gnu/libXrender.so.1
Unloading /lib/x86_64-linux-gnu/libpcre.so.3
Unloading /usr/lib/x86_64-linux-gnu/libgstbase-1.0.so.0
Unloading /usr/lib/x86_64-linux-gnu/libgstaudio-1.0.so.0
Unloading /usr/lib/x86_64-linux-gnu/libgsttag-1.0.so.0
Unloading /usr/lib/x86_64-linux-gnu/libgstvideo-1.0.so.0
Unloading /usr/lib/x86_64-linux-gnu/libraw1394.so.11
Unloading /lib/x86_64-linux-gnu/libusb-1.0.so.0
Unloading /usr/lib/x86_64-linux-gnu/libswresample.so.2
Unloading /usr/lib/x86_64-linux-gnu/libwebp.so.6
Unloading /usr/lib/x86_64-linux-gnu/libcrystalhd.so.3
Unloading /usr/lib/x86_64-linux-gnu/libva.so.2
Unloading /usr/lib/x86_64-linux-gnu/libzvbi.so.0
Unloading /usr/lib/x86_64-linux-gnu/libxvidcore.so.4
Unloading /usr/lib/x86_64-linux-gnu/libx265.so.146
Unloading /usr/lib/x86_64-linux-gnu/libx264.so.152
Unloading /usr/lib/x86_64-linux-gnu/libwebpmux.so.3
Unloading /usr/lib/x86_64-linux-gnu/libwavpack.so.1
Unloading /usr/lib/x86_64-linux-gnu/libvpx.so.5
Unloading /usr/lib/x86_64-linux-gnu/libvorbisenc.so.2
Unloading /usr/lib/x86_64-linux-gnu/libvorbis.so.0
Unloading /usr/lib/x86_64-linux-gnu/libtwolame.so.0
Unloading /usr/lib/x86_64-linux-gnu/libtheoraenc.so.1
Unloading /usr/lib/x86_64-linux-gnu/libtheoradec.so.1
Unloading /usr/lib/x86_64-linux-gnu/libspeex.so.1
Unloading /usr/lib/x86_64-linux-gnu/libsnappy.so.1
Unloading /usr/lib/x86_64-linux-gnu/libshine.so.3
Unloading /usr/lib/x86_64-linux-gnu/librsvg-2.so.2
Unloading /usr/lib/x86_64-linux-gnu/libopus.so.0
Unloading /usr/lib/x86_64-linux-gnu/libopenjp2.so.7
Unloading /usr/lib/x86_64-linux-gnu/libmp3lame.so.0
Unloading /usr/lib/x86_64-linux-gnu/libgsm.so.1
Unloading /usr/lib/x86_64-linux-gnu/libssh-gcrypt.so.4
Unloading /usr/lib/x86_64-linux-gnu/libopenmpt.so.0
Unloading /usr/lib/x86_64-linux-gnu/libbluray.so.2
Unloading /usr/lib/x86_64-linux-gnu/libgnutls.so.30
Unloading /usr/lib/x86_64-linux-gnu/libxml2.so.2
Unloading /usr/lib/x86_64-linux-gnu/libgme.so.0
Unloading /usr/lib/x86_64-linux-gnu/libchromaprint.so.1
Unloading /usr/lib/x86_64-linux-gnu/libdrm.so.2
Unloading /usr/lib/x86_64-linux-gnu/libvdpau.so.1
Unloading /usr/lib/x86_64-linux-gnu/libva-x11.so.2
Unloading /usr/lib/x86_64-linux-gnu/libva-drm.so.2
Unloading /usr/lib/x86_64-linux-gnu/libaec.so.0
Unloading /lib/x86_64-linux-gnu/libdbus-1.so.3
Unloading /usr/lib/x86_64-linux-gnu/libatspi.so.0
Unloading /usr/lib/x86_64-linux-gnu/libthai.so.0
Unloading /lib/x86_64-linux-gnu/libexpat.so.1
Unloading /lib/x86_64-linux-gnu/libselinux.so.1
Unloading /lib/x86_64-linux-gnu/libresolv.so.2
Unloading /lib/x86_64-linux-gnu/libmount.so.1
Unloading /usr/lib/x86_64-linux-gnu/libXau.so.6
Unloading /usr/lib/x86_64-linux-gnu/libXdmcp.so.6
Unloading /usr/lib/x86_64-linux-gnu/liborc-0.4.so.0
Unloading /lib/x86_64-linux-gnu/libudev.so.1
Unloading /usr/lib/x86_64-linux-gnu/libsoxr.so.0
Unloading /usr/lib/x86_64-linux-gnu/libnuma.so.1
Unloading /usr/lib/x86_64-linux-gnu/libogg.so.0
Unloading /usr/lib/x86_64-linux-gnu/libcroco-0.6.so.3
Unloading /lib/x86_64-linux-gnu/libgcrypt.so.20
Unloading /usr/lib/x86_64-linux-gnu/libgssapi_krb5.so.2
Unloading /usr/lib/x86_64-linux-gnu/libmpg123.so.0
Unloading /usr/lib/x86_64-linux-gnu/libvorbisfile.so.3
Unloading /usr/lib/x86_64-linux-gnu/libp11-kit.so.0
Unloading /usr/lib/x86_64-linux-gnu/libidn2.so.0
Unloading /usr/lib/x86_64-linux-gnu/libunistring.so.2
Unloading /usr/lib/x86_64-linux-gnu/libtasn1.so.6
Unloading /usr/lib/x86_64-linux-gnu/libnettle.so.6
Unloading /usr/lib/x86_64-linux-gnu/libhogweed.so.4
Unloading /usr/lib/x86_64-linux-gnu/libgmp.so.10
Unloading /usr/lib/x86_64-linux-gnu/libicuuc.so.60
Unloading /lib/x86_64-linux-gnu/libsystemd.so.0
Unloading /usr/lib/x86_64-linux-gnu/libdatrie.so.1
Unloading /lib/x86_64-linux-gnu/libblkid.so.1
Unloading /lib/x86_64-linux-gnu/libbsd.so.0
Unloading /usr/lib/x86_64-linux-gnu/libgomp.so.1
Unloading /lib/x86_64-linux-gnu/libgpg-error.so.0
Unloading /usr/lib/x86_64-linux-gnu/libkrb5.so.3
Unloading /usr/lib/x86_64-linux-gnu/libk5crypto.so.3
Unloading /lib/x86_64-linux-gnu/libcom_err.so.2
Unloading /usr/lib/x86_64-linux-gnu/libkrb5support.so.0
Unloading /usr/lib/x86_64-linux-gnu/libicudata.so.60
Unloading /usr/lib/x86_64-linux-gnu/liblz4.so.1
Unloading /lib/x86_64-linux-gnu/libuuid.so.1
Unloading /lib/x86_64-linux-gnu/libkeyutils.so.1
Unloading /home/haiyue/research/ultra_fast_lane_detection/caffe/python/caffe/_caffe.so
Unloading /home/haiyue/research/ultra_fast_lane_detection/caffe/python/caffe/../../build/lib/libcaffe.so.1.0.0
Unloading /usr/lib/x86_64-linux-gnu/libglog.so.0
Unloading /usr/local/lib/libprotobuf.so.10
Unloading /usr/lib/x86_64-linux-gnu/libboost_system.so.1.65.1
Unloading /usr/lib/x86_64-linux-gnu/libboost_python-py27.so.1.65.1
Unloading /usr/lib/x86_64-linux-gnu/libpython2.7.so.1.0
Unloading /usr/lib/x86_64-linux-gnu/libgflags.so.2.2
Unloading /usr/lib/x86_64-linux-gnu/libboost_filesystem.so.1.65.1
Unloading /usr/lib/x86_64-linux-gnu/libleveldb.so.1
Unloading /usr/lib/x86_64-linux-gnu/liblmdb.so.0
Unloading /usr/lib/x86_64-linux-gnu/libhdf5_serial_hl.so.100
Unloading /usr/lib/x86_64-linux-gnu/libboost_thread.so.1.65.1
Unloading /usr/lib/x86_64-linux-gnu/libcblas.so.3
Unloading /usr/lib/x86_64-linux-gnu/libunwind.so.8
Unloading /usr/lib/x86_64-linux-gnu/libatlas.so.3
Unloading /home/haiyue/.local/lib/python2.7/site-packages/skimage/_shared/geometry.so
Unloading /usr/lib/python2.7/lib-dynload/_multiprocessing.x86_64-linux-gnu.so
Unloading /usr/lib/python2.7/lib-dynload/_json.x86_64-linux-gnu.so
Unloading /usr/lib/python2.7/lib-dynload/_elementtree.x86_64-linux-gnu.so
Unloading /usr/lib/python2.7/lib-dynload/pyexpat.x86_64-linux-gnu.so
Unloading /home/haiyue/.local/lib/python2.7/site-packages/skimage/external/tifffile/_tifffile.so
Unloading /usr/lib/python2.7/lib-dynload/_ssl.x86_64-linux-gnu.so
Unloading /usr/lib/x86_64-linux-gnu/libssl.so.1.1
Unloading /home/haiyue/.local/lib/python2.7/site-packages/_posixsubprocess32.so
Unloading /home/haiyue/.local/lib/python2.7/site-packages/matplotlib/_path.so
Unloading /home/haiyue/.local/lib/python2.7/site-packages/matplotlib/ft2font.so
Unloading /home/haiyue/.local/lib/python2.7/site-packages/kiwisolver.so
Unloading /home/haiyue/.local/lib/python2.7/site-packages/matplotlib/_contour.so
Unloading /home/haiyue/.local/lib/python2.7/site-packages/matplotlib/_png.so
Unloading /home/haiyue/.local/lib/python2.7/site-packages/matplotlib/.libs/libpng16-cfdb1654.so.16.21.0
Unloading /home/haiyue/.local/lib/python2.7/site-packages/matplotlib/.libs/libz-a147dcb0.so.1.2.3
Unloading /home/haiyue/.local/lib/python2.7/site-packages/matplotlib/_image.so
Unloading /usr/lib/python2.7/lib-dynload/_csv.x86_64-linux-gnu.so
Unloading /home/haiyue/.local/lib/python2.7/site-packages/matplotlib/_tri.so
Unloading /home/haiyue/.local/lib/python2.7/site-packages/matplotlib/_qhull.so
Unloading /usr/lib/python2.7/dist-packages/scipy/fftpack/_fftpack.x86_64-linux-gnu.so
Unloading /usr/lib/python2.7/dist-packages/scipy/fftpack/convolve.x86_64-linux-gnu.so
Unloading /usr/lib/python2.7/dist-packages/scipy/ndimage/_nd_image.x86_64-linux-gnu.so
Unloading /usr/lib/python2.7/dist-packages/scipy/interpolate/_fitpack.x86_64-linux-gnu.so
Unloading /usr/lib/python2.7/dist-packages/scipy/interpolate/dfitpack.x86_64-linux-gnu.so
Unloading /usr/lib/python2.7/dist-packages/scipy/interpolate/_bspl.x86_64-linux-gnu.so
Unloading /usr/lib/python2.7/dist-packages/scipy/interpolate/_ppoly.x86_64-linux-gnu.so
Unloading /usr/lib/python2.7/dist-packages/scipy/interpolate/interpnd.x86_64-linux-gnu.so
Unloading /usr/lib/python2.7/dist-packages/scipy/spatial/ckdtree.x86_64-linux-gnu.so
Unloading /usr/lib/python2.7/dist-packages/scipy/spatial/qhull.x86_64-linux-gnu.so
Unloading /usr/lib/python2.7/dist-packages/scipy/spatial/_voronoi.x86_64-linux-gnu.so
Unloading /usr/lib/python2.7/dist-packages/scipy/spatial/_distance_wrap.x86_64-linux-gnu.so
Unloading /usr/lib/python2.7/dist-packages/scipy/spatial/_hausdorff.x86_64-linux-gnu.so
Unloading /usr/lib/python2.7/dist-packages/scipy/ndimage/_ni_label.x86_64-linux-gnu.so
Unloading /usr/lib/python2.7/dist-packages/scipy/signal/sigtools.x86_64-linux-gnu.so
Unloading /usr/lib/python2.7/dist-packages/scipy/signal/_max_len_seq_inner.x86_64-linux-gnu.so
Unloading /usr/lib/python2.7/dist-packages/scipy/signal/_upfirdn_apply.x86_64-linux-gnu.so
Unloading /usr/lib/python2.7/dist-packages/scipy/signal/spline.x86_64-linux-gnu.so
Unloading /usr/lib/python2.7/dist-packages/scipy/signal/_spectral.x86_64-linux-gnu.so
Unloading /usr/lib/python2.7/dist-packages/scipy/stats/_stats.x86_64-linux-gnu.so
Unloading /usr/lib/python2.7/dist-packages/scipy/stats/statlib.x86_64-linux-gnu.so
Unloading /usr/lib/python2.7/dist-packages/scipy/stats/mvn.x86_64-linux-gnu.so
Unloading /home/haiyue/.local/lib/python2.7/site-packages/skimage/restoration/_unwrap_1d.so
Unloading /home/haiyue/.local/lib/python2.7/site-packages/skimage/restoration/_unwrap_2d.so
Unloading /home/haiyue/.local/lib/python2.7/site-packages/skimage/restoration/_unwrap_3d.so
Unloading /home/haiyue/.local/lib/python2.7/site-packages/skimage/restoration/_denoise_cy.so
Unloading /home/haiyue/.local/lib/python2.7/site-packages/pywt/_extensions/_pywt.so
Unloading /home/haiyue/.local/lib/python2.7/site-packages/pywt/_extensions/_dwt.so
Unloading /home/haiyue/.local/lib/python2.7/site-packages/pywt/_extensions/_cwt.so
Unloading /home/haiyue/.local/lib/python2.7/site-packages/pywt/_extensions/_swt.so
Unloading /home/haiyue/.local/lib/python2.7/site-packages/skimage/restoration/_nl_means_denoising.so
Unloading /home/haiyue/.local/lib/python2.7/site-packages/skimage/measure/_find_contours_cy.so
Unloading /home/haiyue/.local/lib/python2.7/site-packages/skimage/measure/_marching_cubes_lewiner_cy.so
Unloading /home/haiyue/.local/lib/python2.7/site-packages/skimage/measure/_marching_cubes_classic_cy.so
Unloading /home/haiyue/.local/lib/python2.7/site-packages/skimage/measure/_ccomp.so
Unloading /home/haiyue/.local/lib/python2.7/site-packages/skimage/measure/_moments_cy.so
Unloading /home/haiyue/.local/lib/python2.7/site-packages/skimage/measure/_pnpoly.so
Unloading /home/haiyue/.local/lib/python2.7/site-packages/skimage/transform/_hough_transform.so
Unloading /home/haiyue/.local/lib/python2.7/site-packages/skimage/draw/_draw.so
Unloading /home/haiyue/.local/lib/python2.7/site-packages/skimage/transform/_warps_cy.so
Unloading /home/haiyue/.local/lib/python2.7/site-packages/skimage/transform/_radon_transform.so
Unloading /home/haiyue/.local/lib/python2.7/site-packages/skimage/transform/_seam_carving.so
Unloading /home/haiyue/.local/lib/python2.7/site-packages/skimage/filters/rank/generic_cy.so
Unloading /home/haiyue/.local/lib/python2.7/site-packages/skimage/filters/rank/core_cy.so
Unloading /home/haiyue/.local/lib/python2.7/site-packages/skimage/filters/rank/percentile_cy.so
Unloading /home/haiyue/.local/lib/python2.7/site-packages/skimage/filters/rank/bilateral_cy.so
