Pin: pin-3.24-98612-6bd5931f2
Copyright 2002-2022 Intel Corporation.
NFE:  [tid:18552] unknown option "-o"
E:  This Pintool prints the IPs of every instruction executed

Pin tools switches

-logfile  [default pintool.log]
	The log file path and file name
-unique_logfile  [default 0]
	The log file names will contain the pid

Line information controls

-discard_line_info 
	Discard line information for specific module. Module name should be a
	short name without path, not a symbolic link
-discard_line_info_all  [default 0]
	Discard line information for all modules.
-dwarf_file 
	Point pin to a different file for debug information. Syntax:
	app_executable:<path_to_different_fileExample (macOS*): -dwarf_file
	get_source_app:get_s
	ource_app.dSYM/Contents/Resources/DWARF/get_source_app

Symbols controls

-ignore_debug_info  [default 0]
	Ignore debug info for the image. Symbols are taken from the symbol
	tables.
-reduce_rtn_size_mode  [default auto]
	Mode for RTN size reduction: delete trailing instructions after RET if
	there is no jump to the rtn part after the RET. Possible modes are:
	auto/never/always
-short_name  [default 0]
	Use the shortest name for the RTN. Names with version substrings are
	preferred over the same name without the substring.
-support_jit_api  [default 0]
	Enables the Jitted Functions Support
-unrestricted_rtn_size  [default 0]
	Use the unrestricted RTN size. When set the RTN size defined by the
	distance between RTN start to the beginning of next RTN.

Statistic switches

-profile  [default 0]
	print amount of memory dynamically allocated but not yet freed by the
	tool
-statistic  [default 0]
	print general statistics

General switches (available in pin and tool)

-h  [default 0]
	Print help message (same as -help)
-help  [default 0]
	Print help message
-ifeellucky  [default 0]
	skip warning message for unsupported platforms and convert some errors
	to warnings
-slow_asserts  [default 0]
	Perform expensive sanity checks

